<component name="libraryTable">
  <library name="junit-4.13.2">
    <CLASSES>
      <root url="jar://$USER_HOME$/Downloads/junit-4.13.2.jar!/" />
    </CLASSES>
    <JAVADOC />
    <SOURCES />
    <jarDirectory url="jar://$USER_HOME$/Downloads/junit-4.13.2.jar!/" recursive="false" />
  </library>
</component>